<?xml version="1.0" encoding="UTF-8"?>
<!-- Generated by org.testng.reporters.JUnitXMLReporter -->
<testsuite hostname="personallaptop" name="Default test" tests="7" failures="0" timestamp="11 Oct 2017 21:54:54 GMT" time="85.474" errors="0">
  <testcase name="testPricingAndTaxes" time="71.557" classname="page.tests.TestOrderPage"/>
  <testcase name="testQuantity" time="0.217" classname="page.tests.TestOrderPage"/>
  <testcase name="testNullEntry" time="1.129" classname="page.tests.TestOrderPage"/>
  <testcase name="testNullState" time="0.854" classname="page.tests.TestOrderPage"/>
  <testcase name="testInvalidData" time="0.397" classname="page.tests.TestOrderPage"/>
  <testcase name="testNegatives" time="0.252" classname="page.tests.TestOrderPage"/>
  <testcase name="testDecimal" time="0.25" classname="page.tests.TestOrderPage"/>
</testsuite> <!-- Default test -->
